<?xml version="1.0" encoding="UTF-8"?>
<!-- Generated by org.testng.reporters.JUnitXMLReporter -->
<testsuite ignored="0" hostname="KAVI" failures="0" tests="4" name="Test" time="11.718" errors="0" timestamp="2023-12-26T17:59:37 IST">
  <testcase classname="com.goibibo.Chrometest" name="lanuchbrowser" time="9.313"/>
  <testcase classname="com.goibibo.Chrometest" name="firstname" time="1.504"/>
  <testcase classname="com.goibibo.Chrometest" name="checkbox" time="0.202"/>
  <testcase classname="com.goibibo.Chrometest" name="sumbit" time="0.591"/>
</testsuite> <!-- Test -->
