<?xml version="1.0" encoding="UTF-8"?>
<!-- Generated by org.testng.reporters.JUnitXMLReporter -->
<testsuite ignored="0" hostname="KAVI" failures="0" tests="5" name="Default test" time="31.617" errors="0" timestamp="2023-12-28T12:06:40 IST">
  <testcase classname="miniproject.Selectahotel" name="browserLaunch" time="27.592"/>
  <testcase classname="miniproject.Selectahotel" name="viewplandploices" time="2.315"/>
  <testcase classname="miniproject.Selectahotel" name="takescreenshot" time="0.85"/>
  <testcase classname="miniproject.Selectahotel" name="closeview" time="0.252"/>
  <testcase classname="miniproject.Selectahotel" name="selectroom" time="0.441"/>
</testsuite> <!-- Default test -->
