<?xml version="1.0" encoding="UTF-8"?>
<!-- Generated by org.testng.reporters.JUnitXMLReporter -->
<testsuite ignored="0" hostname="KAVI" failures="0" tests="5" name="Test" time="9.065" errors="0" timestamp="2023-12-25T15:15:21 IST">
  <testcase classname="com.goibibo.Edgetest" name="lanuchbrowser" time="6.072"/>
  <testcase classname="com.goibibo.Edgetest" name="edgebrowser" time="1.253"/>
  <testcase classname="com.goibibo.Chrometest" name="firstname" time="1.264"/>
  <testcase classname="com.goibibo.Chrometest" name="checkbox" time="0.164"/>
  <testcase classname="com.goibibo.Chrometest" name="sumbit" time="0.182"/>
</testsuite> <!-- Test -->
