<?xml version="1.0" encoding="UTF-8"?>
<!-- Generated by org.testng.reporters.JUnitXMLReporter -->
<testsuite ignored="0" hostname="KAVI" failures="0" tests="4" name="chromeTest" time="7.27" errors="0" timestamp="2023-12-25T15:28:46 IST">
  <testcase classname="com.goibibo.Chrometest" name="lanuchbrowser" time="4.803"/>
  <testcase classname="com.goibibo.Chrometest" name="firstname" time="1.657"/>
  <testcase classname="com.goibibo.Chrometest" name="checkbox" time="0.262"/>
  <testcase classname="com.goibibo.Chrometest" name="sumbit" time="0.541"/>
</testsuite> <!-- chromeTest -->
