<?xml version="1.0" encoding="UTF-8"?>
<!-- Generated by org.testng.reporters.JUnitXMLReporter -->
<testsuite ignored="0" hostname="KAVI" failures="1" tests="4" name="Test" time="43.262" errors="0" timestamp="2023-12-26T17:42:04 IST">
  <testcase classname="com.goibibo.Chromelistener" name="Page" time="9.736">
    <skipped/>
  </testcase> <!-- Page -->
  <testcase classname="com.goibibo.Chromelistener" name="Page" time="12.731">
    <skipped/>
  </testcase> <!-- Page -->
  <testcase classname="com.goibibo.Chromelistener" name="Page" time="10.087">
    <skipped/>
  </testcase> <!-- Page -->
  <testcase classname="com.goibibo.Chromelistener" name="Page" time="10.57">
    <failure type="java.lang.AssertionError" message="expected [Register Account] but found [ninja]">
      <![CDATA[java.lang.AssertionError: expected [Register Account] but found [ninja]
at com.goibibo.Chromelistener.Page(Chromelistener.java:16)
at java.base/java.util.ArrayList.forEach(ArrayList.java:1511)
... Removed 33 stack frames]]>
    </failure>
  </testcase> <!-- Page -->
</testsuite> <!-- Test -->
