<?xml version="1.0" encoding="UTF-8"?>
<testng-results ignored="0" total="1" passed="1" failed="0" skipped="0">
  <reporter-output>
  </reporter-output>
  <suite started-at="2023-12-22T14:38:40 IST" name="Suitedemo" finished-at="2023-12-22T14:38:53 IST" duration-ms="12304">
    <groups>
    </groups>
    <test started-at="2023-12-22T14:38:40 IST" name="Test" finished-at="2023-12-22T14:38:53 IST" duration-ms="12304">
      <class name="com.goibibo.Runner">
        <test-method signature="browserLaunch()[pri:0, instance:com.goibibo.Runner@5562c41e]" started-at="2023-12-22T14:38:41 IST" name="browserLaunch" finished-at="2023-12-22T14:38:53 IST" duration-ms="12141" status="PASS">
          <reporter-output>
          </reporter-output>
        </test-method> <!-- browserLaunch -->
      </class> <!-- com.goibibo.Runner -->
    </test> <!-- Test -->
  </suite> <!-- Suitedemo -->
</testng-results>
